Loading image_processing.py
Loading text.py
Loading fonts.py
Initializing 96x48 matrix
Starting stream for https://www.youtube.com/watch?v=60xdyUIlPGQ at 360p
[youtube] Extracting URL: https://www.youtube.com/watch?v=60xdyUIlPGQ
[youtube] 60xdyUIlPGQ: Downloading webpage
[youtube] 60xdyUIlPGQ: Downloading ios player API JSON
[youtube] 60xdyUIlPGQ: Downloading android player API JSON
[youtube] 60xdyUIlPGQ: Downloading m3u8 information
[youtube] 60xdyUIlPGQ: Downloading m3u8 information
[youtube] 60xdyUIlPGQ: Downloading m3u8 information
Process Process-2:
Traceback (most recent call last):
  File "/usr/lib/python3.9/multiprocessing/process.py", line 315, in _bootstrap
    self.run()
  File "/usr/lib/python3.9/multiprocessing/process.py", line 108, in run
    self._target(*self._args, **self._kwargs)
  File "/home/dietpi/LED-Matrix-Display/apps.py", line 134, in _run
    icon = data["currently"]["icon"].replace("-", "_").upper()
KeyError: 'currently'
[youtube] Extracting URL: https://www.youtube.com/watch?v=60xdyUIlPGQ
Created frame queue
Video stream ended unexpectedly
Restarting stream
Attempting to set up again
[youtube] 60xdyUIlPGQ: Downloading webpage
[youtube] 60xdyUIlPGQ: Downloading ios player API JSON
[youtube] 60xdyUIlPGQ: Downloading android player API JSON
[youtube] 60xdyUIlPGQ: Downloading m3u8 information
[youtube] 60xdyUIlPGQ: Downloading m3u8 information
[youtube] 60xdyUIlPGQ: Downloading m3u8 information
